# JRE version: OpenJDK Runtime Environment (21.0.6+7) (build 21.0.6+7-Ubuntu-124.04.1)
# Java VM: OpenJDK 64-Bit Server VM (21.0.6+7-Ubuntu-124.04.1, mixed mode, sharing, tiered, compressed oops, compressed class ptrs, g1 gc, linux-amd64)
GC Precious Log:
 CardTable entry size: 512
 Card Set container configuration: InlinePtr #cards 5 size 8 Array Of Cards #cards 12 size 40 Howl #buckets 4 coarsen threshold 1843 Howl Bitmap #cards 512 size 80 coarsen threshold 460 Card regions per heap region 1 cards per card region 2048
 CPUs: 16 total, 16 available
 Memory: 7778M
 Large Page Support: Disabled
 NUMA Support: Disabled
 Compressed Oops: Enabled (32-bit)
 Heap Region Size: 1M
 Heap Min Capacity: 8M
 Heap Initial Capacity: 122M
 Heap Max Capacity: 1G
 Pre-touch: Disabled
 Parallel Workers: 13
 Concurrent Workers: 3
 Concurrent Refinement Workers: 13
 Periodic GC: Disabled
Heap:
 garbage-first heap   total 24576K, used 6220K [0x00000000c0000000, 0x0000000100000000)
  region size 1024K, 1 young (1024K), 0 survivors (0K)
 Metaspace       used 2471K, committed 2624K, reserved 1114112K
  class space    used 204K, committed 256K, reserved 1048576K
GC Heap History (14 events):
Event: 0.210 GC heap before
{Heap before GC invocations=0 (full 0):
 garbage-first heap   total 126976K, used 6193K [0x00000000c0000000, 0x0000000100000000)
  region size 1024K, 6 young (6144K), 0 survivors (0K)
 Metaspace       used 1449K, committed 1600K, reserved 1114112K
  class space    used 122K, committed 192K, reserved 1048576K
}
Event: 0.219 GC heap after
{Heap after GC invocations=1 (full 1):
 garbage-first heap   total 10240K, used 2023K [0x00000000c0000000, 0x0000000100000000)
  region size 1024K, 0 young (0K), 0 survivors (0K)
 Metaspace       used 1449K, committed 1600K, reserved 1114112K
  class space    used 122K, committed 192K, reserved 1048576K
}
Event: 0.290 GC heap before
{Heap before GC invocations=1 (full 1):
 garbage-first heap   total 10240K, used 4071K [0x00000000c0000000, 0x0000000100000000)
  region size 1024K, 3 young (3072K), 0 survivors (0K)
 Metaspace       used 1635K, committed 1792K, reserved 1114112K
  class space    used 128K, committed 192K, reserved 1048576K
}
Event: 0.298 GC heap after
{Heap after GC invocations=2 (full 2):
 garbage-first heap   total 10240K, used 2390K [0x00000000c0000000, 0x0000000100000000)
  region size 1024K, 0 young (0K), 0 survivors (0K)
 Metaspace       used 1635K, committed 1792K, reserved 1114112K
  class space    used 128K, committed 192K, reserved 1048576K
}
Event: 0.356 GC heap before
{Heap before GC invocations=2 (full 2):
 garbage-first heap   total 10240K, used 5462K [0x00000000c0000000, 0x0000000100000000)
  region size 1024K, 3 young (3072K), 0 survivors (0K)
 Metaspace       used 2173K, committed 2368K, reserved 1114112K
  class space    used 178K, committed 256K, reserved 1048576K
}
Event: 0.360 GC heap after
{Heap after GC invocations=3 (full 2):
 garbage-first heap   total 10240K, used 3014K [0x00000000c0000000, 0x0000000100000000)
  region size 1024K, 1 young (1024K), 1 survivors (1024K)
 Metaspace       used 2173K, committed 2368K, reserved 1114112K
  class space    used 178K, committed 256K, reserved 1048576K
}
Event: 0.381 GC heap before
{Heap before GC invocations=3 (full 2):
 garbage-first heap   total 10240K, used 5062K [0x00000000c0000000, 0x0000000100000000)
  region size 1024K, 3 young (3072K), 1 survivors (1024K)
 Metaspace       used 2190K, committed 2368K, reserved 1114112K
  class space    used 178K, committed 256K, reserved 1048576K
}
Event: 0.382 GC heap after
{Heap after GC invocations=4 (full 2):
 garbage-first heap   total 10240K, used 2990K [0x00000000c0000000, 0x0000000100000000)
  region size 1024K, 1 young (1024K), 1 survivors (1024K)
 Metaspace       used 2190K, committed 2368K, reserved 1114112K
  class space    used 178K, committed 256K, reserved 1048576K
}
Event: 0.387 GC heap before
{Heap before GC invocations=4 (full 2):
 garbage-first heap   total 10240K, used 6062K [0x00000000c0000000, 0x0000000100000000)
  region size 1024K, 4 young (4096K), 1 survivors (1024K)
 Metaspace       used 2191K, committed 2368K, reserved 1114112K
  class space    used 178K, committed 256K, reserved 1048576K
}
Event: 0.393 GC heap after
{Heap after GC invocations=5 (full 2):
 garbage-first heap   total 10240K, used 3298K [0x00000000c0000000, 0x0000000100000000)
  region size 1024K, 1 young (1024K), 1 survivors (1024K)
 Metaspace       used 2191K, committed 2368K, reserved 1114112K
  class space    used 178K, committed 256K, reserved 1048576K
}
Event: 0.404 GC heap before
{Heap before GC invocations=5 (full 2):
 garbage-first heap   total 10240K, used 6370K [0x00000000c0000000, 0x0000000100000000)
  region size 1024K, 4 young (4096K), 1 survivors (1024K)
 Metaspace       used 2193K, committed 2368K, reserved 1114112K
  class space    used 178K, committed 256K, reserved 1048576K
}
Event: 0.406 GC heap after
{Heap after GC invocations=6 (full 2):
 garbage-first heap   total 67584K, used 3575K [0x00000000c0000000, 0x0000000100000000)
  region size 1024K, 1 young (1024K), 1 survivors (1024K)
 Metaspace       used 2193K, committed 2368K, reserved 1114112K
  class space    used 178K, committed 256K, reserved 1048576K
}
Event: 0.585 GC heap before
{Heap before GC invocations=6 (full 2):
 garbage-first heap   total 67584K, used 31223K [0x00000000c0000000, 0x0000000100000000)
  region size 1024K, 30 young (30720K), 1 survivors (1024K)
 Metaspace       used 2381K, committed 2560K, reserved 1114112K
  class space    used 190K, committed 256K, reserved 1048576K
}
Event: 0.626 GC heap after
{Heap after GC invocations=7 (full 3):
 garbage-first heap   total 24576K, used 6220K [0x00000000c0000000, 0x0000000100000000)
  region size 1024K, 0 young (0K), 0 survivors (0K)
 Metaspace       used 2381K, committed 2560K, reserved 1114112K
  class space    used 190K, committed 256K, reserved 1048576K
}

